<?xml version="1.0" encoding="UTF-8"?>
<testng-results ignored="0" total="6" passed="6" failed="0" skipped="0">
  <reporter-output>
  </reporter-output>
  <suite started-at="2024-04-16T12:16:33 IST" name="Suite" finished-at="2024-04-16T12:18:16 IST" duration-ms="103341">
    <groups>
      <group name="cucumber">
        <method signature="AbstractTestNGCucumberTests.runScenario(io.cucumber.testng.PickleWrapper,io.cucumber.testng.FeatureWrapper)[pri:0, instance:testRunner.TestRunner@2b30a42c]" name="runScenario" class="io.cucumber.testng.AbstractTestNGCucumberTests"/>
      </group> <!-- cucumber -->
    </groups>
    <test started-at="2024-04-16T12:16:33 IST" name="Test" finished-at="2024-04-16T12:18:16 IST" duration-ms="103341">
      <class name="testRunner.TestRunner">
        <test-method is-config="true" signature="setUpClass(org.testng.ITestContext)[pri:0, instance:testRunner.TestRunner@2b30a42c]" started-at="2024-04-16T12:16:33 IST" name="setUpClass" finished-at="2024-04-16T12:16:34 IST" duration-ms="1083" status="PASS">
          <params>
            <param index="0">
              <value>
                <![CDATA[org.testng.TestRunner@69988d42]]>
              </value>
            </param>
          </params>
          <reporter-output>
          </reporter-output>
        </test-method> <!-- setUpClass -->
        <test-method signature="runScenario(io.cucumber.testng.PickleWrapper,io.cucumber.testng.FeatureWrapper)[pri:0, instance:testRunner.TestRunner@2b30a42c]" started-at="2024-04-16T12:16:34 IST" name="runScenario" description="Runs Cucumber Scenarios" data-provider="scenarios" finished-at="2024-04-16T12:16:47 IST" duration-ms="13334" status="PASS">
          <params>
            <param index="0">
              <value>
                <![CDATA["Calculation of car loan"]]>
              </value>
            </param>
            <param index="1">
              <value>
                <![CDATA["Car Loan Calculation"]]>
              </value>
            </param>
          </params>
          <reporter-output>
          </reporter-output>
        </test-method> <!-- runScenario -->
        <test-method signature="runScenario(io.cucumber.testng.PickleWrapper,io.cucumber.testng.FeatureWrapper)[pri:0, instance:testRunner.TestRunner@2b30a42c]" started-at="2024-04-16T12:16:47 IST" name="runScenario" description="Runs Cucumber Scenarios" data-provider="scenarios" finished-at="2024-04-16T12:17:04 IST" duration-ms="16260" status="PASS">
          <params>
            <param index="0">
              <value>
                <![CDATA["Validate the UI features of EMI Calculator"]]>
              </value>
            </param>
            <param index="1">
              <value>
                <![CDATA["EMI Calculator UI check"]]>
              </value>
            </param>
          </params>
          <reporter-output>
          </reporter-output>
        </test-method> <!-- runScenario -->
        <test-method signature="runScenario(io.cucumber.testng.PickleWrapper,io.cucumber.testng.FeatureWrapper)[pri:0, instance:testRunner.TestRunner@2b30a42c]" started-at="2024-04-16T12:17:04 IST" name="runScenario" description="Runs Cucumber Scenarios" data-provider="scenarios" finished-at="2024-04-16T12:17:23 IST" duration-ms="18960" status="PASS">
          <params>
            <param index="0">
              <value>
                <![CDATA["Calculation of Home Loan EMI"]]>
              </value>
            </param>
            <param index="1">
              <value>
                <![CDATA["Home Loan EMI Calculation"]]>
              </value>
            </param>
          </params>
          <reporter-output>
          </reporter-output>
        </test-method> <!-- runScenario -->
        <test-method signature="runScenario(io.cucumber.testng.PickleWrapper,io.cucumber.testng.FeatureWrapper)[pri:0, instance:testRunner.TestRunner@2b30a42c]" started-at="2024-04-16T12:17:23 IST" name="runScenario" description="Runs Cucumber Scenarios" data-provider="scenarios" finished-at="2024-04-16T12:17:37 IST" duration-ms="14924" status="PASS">
          <params>
            <param index="0">
              <value>
                <![CDATA["Validate the UI features of Loan Amount Calculator"]]>
              </value>
            </param>
            <param index="1">
              <value>
                <![CDATA["Loan Amount Calculator UI check"]]>
              </value>
            </param>
          </params>
          <reporter-output>
          </reporter-output>
        </test-method> <!-- runScenario -->
        <test-method signature="runScenario(io.cucumber.testng.PickleWrapper,io.cucumber.testng.FeatureWrapper)[pri:0, instance:testRunner.TestRunner@2b30a42c]" started-at="2024-04-16T12:17:37 IST" name="runScenario" description="Runs Cucumber Scenarios" data-provider="scenarios" finished-at="2024-04-16T12:17:53 IST" duration-ms="15303" status="PASS">
          <params>
            <param index="0">
              <value>
                <![CDATA["Validate the UI features of Loan Tenure Calculator"]]>
              </value>
            </param>
            <param index="1">
              <value>
                <![CDATA["Loan Tenure Calculator UI check"]]>
              </value>
            </param>
          </params>
          <reporter-output>
          </reporter-output>
        </test-method> <!-- runScenario -->
        <test-method signature="runScenario(io.cucumber.testng.PickleWrapper,io.cucumber.testng.FeatureWrapper)[pri:0, instance:testRunner.TestRunner@2b30a42c]" started-at="2024-04-16T12:17:53 IST" name="runScenario" description="Runs Cucumber Scenarios" data-provider="scenarios" finished-at="2024-04-16T12:18:03 IST" duration-ms="10498" status="PASS">
          <params>
            <param index="0">
              <value>
                <![CDATA["Check whether the application can be accessed"]]>
              </value>
            </param>
            <param index="1">
              <value>
                <![CDATA["Runnable"]]>
              </value>
            </param>
          </params>
          <reporter-output>
          </reporter-output>
        </test-method> <!-- runScenario -->
        <test-method is-config="true" signature="tearDownClass()[pri:0, instance:testRunner.TestRunner@2b30a42c]" started-at="2024-04-16T12:18:03 IST" name="tearDownClass" finished-at="2024-04-16T12:18:16 IST" duration-ms="12904" status="PASS">
          <reporter-output>
          </reporter-output>
        </test-method> <!-- tearDownClass -->
      </class> <!-- testRunner.TestRunner -->
    </test> <!-- Test -->
  </suite> <!-- Suite -->
</testng-results>
