<?xml version="1.0" encoding="UTF-8"?>
<testsuite xmlns:xsi="http://www.w3.org/2001/XMLSchema-instance" xsi:noNamespaceSchemaLocation="https://maven.apache.org/surefire/maven-surefire-plugin/xsd/surefire-test-report-3.0.xsd" version="3.0" name="TestSuite" time="104.017" tests="6" errors="0" skipped="0" failures="0">
  <properties>
[...]
</properties>
  <testcase name="runScenario[&quot;Calculation of car loan&quot;, &quot;Car Loan Calculation&quot;](1)" classname="testRunner.TestRunner" time="13.346">
    <system-out><![CDATA[
@regression @functional
Scenario: Calculation of car loan                       # src/test/resources/features/CarLoan.feature:4
https://emicalculator.net/
  Given the user navigates to Car Loan section          # stepDefinitions.CarLoanCalculationSteps.the_user_navigates_to_car_loan_section()

    Embedding Calculation of car loan [image/png 176358 bytes]

  When user enters the Car Loan Amount                  # stepDefinitions.CarLoanCalculationSteps.user_enters_the_car_loan_amount()

    Embedding Calculation of car loan [image/png 176812 bytes]

  And user enters the Interest Rate                     # stepDefinitions.CarLoanCalculationSteps.user_enters_the_interest_rate()

    Embedding Calculation of car loan [image/png 177069 bytes]

  And user enters the Loan Tenure                       # stepDefinitions.CarLoanCalculationSteps.user_enters_the_loan_tenure()

    Embedding Calculation of car loan [image/png 175694 bytes]

First month principal is: ₹ 1,19,650
First month interest is: ₹ 11,875
  Then display interest and principal amount on console # stepDefinitions.CarLoanCalculationSteps.display_interest_and_principal_amount_on_console()

    Embedding Calculation of car loan [image/png 172838 bytes]

]]></system-out>
    <system-err><![CDATA[SLF4J(W): No SLF4J providers were found.
SLF4J(W): Defaulting to no-operation (NOP) logger implementation
SLF4J(W): See https://www.slf4j.org/codes.html#noProviders for further details.
]]></system-err>
  </testcase>
  <testcase name="runScenario[&quot;Validate the UI features of EMI Calculator&quot;, &quot;EMI Calculator UI check&quot;](2)" classname="testRunner.TestRunner" time="16.243">
    <system-out><![CDATA[
@functional
Scenario: Validate the UI features of EMI Calculator            # src/test/resources/features/EMICalculatorUI.feature:4
https://emicalculator.net/
  Given user navigates to EMI Calculator                        # stepDefinitions.EMICalculatorUICheckSteps.user_navigates_to_emi_calculator()

    Embedding Validate the UI features of EMI Calculator [image/png 219918 bytes]

  When user enters loan amount in the loan amount input box     # stepDefinitions.EMICalculatorUICheckSteps.user_enters_loan_amount_in_the_loan_amount_input_box()

    Embedding Validate the UI features of EMI Calculator [image/png 220532 bytes]

  Then loan amount slider should be moved to the same value     # stepDefinitions.EMICalculatorUICheckSteps.loan_amount_slider_should_be_moved_to_the_same_value()

    Embedding Validate the UI features of EMI Calculator [image/png 220530 bytes]

  When user enters interest rate in the interest rate input box # stepDefinitions.EMICalculatorUICheckSteps.user_enters_interest_rate_in_the_interest_rate_input_box()

    Embedding Validate the UI features of EMI Calculator [image/png 219737 bytes]

  Then interest rate slider should be moved to the same value   # stepDefinitions.EMICalculatorUICheckSteps.interest_rate_slider_should_be_moved_to_the_same_value()

    Embedding Validate the UI features of EMI Calculator [image/png 219631 bytes]

  When user enters loan tenure in the loan tenure input box     # stepDefinitions.EMICalculatorUICheckSteps.user_enters_loan_tenure_in_the_loan_tenure_input_box()

    Embedding Validate the UI features of EMI Calculator [image/png 145360 bytes]

  Then loan tenure slider should be moved to the same value     # stepDefinitions.EMICalculatorUICheckSteps.loan_tenure_slider_should_be_moved_to_the_same_value()

    Embedding Validate the UI features of EMI Calculator [image/png 145360 bytes]

  When user clicks on month tenure                              # stepDefinitions.EMICalculatorUICheckSteps.user_clicks_on_month_tenure()

    Embedding Validate the UI features of EMI Calculator [image/png 146334 bytes]

  Then the slider should be moved to the same value             # stepDefinitions.EMICalculatorUICheckSteps.the_slider_should_be_moved_to_the_same_value()

    Embedding Validate the UI features of EMI Calculator [image/png 146386 bytes]

  When user enters charges in the charges input box             # stepDefinitions.EMICalculatorUICheckSteps.user_enters_charges_in_the_charges_input_box()

    Embedding Validate the UI features of EMI Calculator [image/png 146113 bytes]

  Then charges slider should be moved to the same value         # stepDefinitions.EMICalculatorUICheckSteps.charges_slider_should_be_moved_to_the_same_value()

    Embedding Validate the UI features of EMI Calculator [image/png 146113 bytes]

]]></system-out>
  </testcase>
  <testcase name="runScenario[&quot;Calculation of Home Loan EMI&quot;, &quot;Home Loan EMI Calculation&quot;](3)" classname="testRunner.TestRunner" time="18.96">
    <system-out><![CDATA[
@regression @functional
Scenario: Calculation of Home Loan EMI                   # src/test/resources/features/HomeLoanEMICalculation.feature:4
https://emicalculator.net/
  Given the user navigates to Home Loan EMI Calculator   # stepDefinitions.HomeLoanEMICalculationSteps.the_user_navigates_to_home_loan_emi_calculator()

    Embedding Calculation of Home Loan EMI [image/png 171024 bytes]

  When the user fills the relevant details               # stepDefinitions.HomeLoanEMICalculationSteps.the_user_fills_the_relevant_details()

    Embedding Calculation of Home Loan EMI [image/png 170832 bytes]

  Then extract the data from year on year table to excel # stepDefinitions.HomeLoanEMICalculationSteps.extract_the_data_from_year_on_year_table_to_excel()

    Embedding Calculation of Home Loan EMI [image/png 170899 bytes]

]]></system-out>
  </testcase>
  <testcase name="runScenario[&quot;Validate the UI features of Loan Amount Calculator&quot;, &quot;Loan Amount Calculator UI check&quot;](4)" classname="testRunner.TestRunner" time="14.923">
    <system-out><![CDATA[
@functional
Scenario: Validate the UI features of Loan Amount Calculator           # src/test/resources/features/LoanAmountCalculatorUI.feature:4
https://emicalculator.net/
  Given user navigates to Loan Amount Calculator                       # stepDefinitions.LoanAmountCalculatorUICheckSteps.user_navigates_to_loan_amount_calculator()

    Embedding Validate the UI features of Loan Amount Calculator [image/png 203747 bytes]

  When user enters EMI amount in the EMI amount input box              # stepDefinitions.LoanAmountCalculatorUICheckSteps.user_enters_emi_amount_in_the_emi_amount_input_box()

    Embedding Validate the UI features of Loan Amount Calculator [image/png 203407 bytes]

  Then EMI amount slider should be moved to the same value             # stepDefinitions.LoanAmountCalculatorUICheckSteps.emi_amount_slider_should_be_moved_to_the_same_value()

    Embedding Validate the UI features of Loan Amount Calculator [image/png 203098 bytes]

  When user enters interest rate in the interest rate input box in LAC # stepDefinitions.LoanAmountCalculatorUICheckSteps.user_enters_interest_rate_in_the_interest_rate_input_box_in_LAC()

    Embedding Validate the UI features of Loan Amount Calculator [image/png 202759 bytes]

  Then interest rate slider should be moved to the same value in LAC   # stepDefinitions.LoanAmountCalculatorUICheckSteps.interest_rate_slider_should_be_moved_to_the_same_value_in_LAC()

    Embedding Validate the UI features of Loan Amount Calculator [image/png 202532 bytes]

  When user enters loan tenure in the loan tenure input box in LAC     # stepDefinitions.LoanAmountCalculatorUICheckSteps.user_enters_loan_tenure_in_the_loan_tenure_input_box_in_LAC()

    Embedding Validate the UI features of Loan Amount Calculator [image/png 143420 bytes]

  Then loan tenure slider should be moved to the same value in LAC     # stepDefinitions.LoanAmountCalculatorUICheckSteps.loan_tenure_slider_should_be_moved_to_the_same_value_in_LAC()

    Embedding Validate the UI features of Loan Amount Calculator [image/png 143336 bytes]

  When user clicks on month tenure in LAC                              # stepDefinitions.LoanAmountCalculatorUICheckSteps.user_clicks_on_month_tenure_in_LAC()

    Embedding Validate the UI features of Loan Amount Calculator [image/png 144395 bytes]

  Then the slider should be moved to the same value in LAC             # stepDefinitions.LoanAmountCalculatorUICheckSteps.the_slider_should_be_moved_to_the_same_value_in_LAC()

    Embedding Validate the UI features of Loan Amount Calculator [image/png 144458 bytes]

  When user enters charges in the charges input box in LAC             # stepDefinitions.LoanAmountCalculatorUICheckSteps.user_enters_charges_in_the_charges_input_box_in_LAC()

    Embedding Validate the UI features of Loan Amount Calculator [image/png 144186 bytes]

  Then charges slider should be moved to the same value in LAC         # stepDefinitions.LoanAmountCalculatorUICheckSteps.charges_slider_should_be_moved_to_the_same_value_in_LAC()

    Embedding Validate the UI features of Loan Amount Calculator [image/png 144186 bytes]

]]></system-out>
  </testcase>
  <testcase name="runScenario[&quot;Validate the UI features of Loan Tenure Calculator&quot;, &quot;Loan Tenure Calculator UI check&quot;](5)" classname="testRunner.TestRunner" time="15.305">
    <system-out><![CDATA[
@functional
Scenario: Validate the UI features of Loan Tenure Calculator           # src/test/resources/features/LoanTenureCalculatorUICheck.feature:4
https://emicalculator.net/
  Given user navigates to Loan Tenure Calculator                       # stepDefinitions.LoanTenureCalculatorUICheckSteps.user_navigates_to_loan_tenure_calculator()

    Embedding Validate the UI features of Loan Tenure Calculator [image/png 218805 bytes]

  When user enters loan amount in the loan amount input box in LTC     # stepDefinitions.LoanTenureCalculatorUICheckSteps.user_enters_loan_amount_in_the_loan_amount_input_box_in_ltc()

    Embedding Validate the UI features of Loan Tenure Calculator [image/png 219821 bytes]

  Then loan amount slider should be moved to the same value in LTC     # stepDefinitions.LoanTenureCalculatorUICheckSteps.loan_amount_slider_should_be_moved_to_the_same_value_in_ltc()

    Embedding Validate the UI features of Loan Tenure Calculator [image/png 219816 bytes]

  When user enters EMI amount in the EMI amount input box in LTC       # stepDefinitions.LoanTenureCalculatorUICheckSteps.user_enters_emi_amount_in_the_emi_amount_input_box_in_ltc()

    Embedding Validate the UI features of Loan Tenure Calculator [image/png 220370 bytes]

  Then EMI amount slider should be moved to the same value in LTC      # stepDefinitions.LoanTenureCalculatorUICheckSteps.emi_amount_slider_should_be_moved_to_the_same_value_in_ltc()

    Embedding Validate the UI features of Loan Tenure Calculator [image/png 220284 bytes]

  When user enters interest rate in the interest rate input box in LTC # stepDefinitions.LoanTenureCalculatorUICheckSteps.user_enters_interest_rate_in_the_interest_rate_input_box_in_ltc()

    Embedding Validate the UI features of Loan Tenure Calculator [image/png 147592 bytes]

  Then interest rate slider should be moved to the same value in LTC   # stepDefinitions.LoanTenureCalculatorUICheckSteps.interest_rate_slider_should_be_moved_to_the_same_value_in_ltc()

    Embedding Validate the UI features of Loan Tenure Calculator [image/png 147240 bytes]

  When user enters charges in the charges input box in LTC             # stepDefinitions.LoanTenureCalculatorUICheckSteps.user_enters_charges_in_the_charges_input_box_in_ltc()

    Embedding Validate the UI features of Loan Tenure Calculator [image/png 147244 bytes]

  Then charges slider should be moved to the same value in LTC         # stepDefinitions.LoanTenureCalculatorUICheckSteps.charges_slider_should_be_moved_to_the_same_value_in_ltc()

    Embedding Validate the UI features of Loan Tenure Calculator [image/png 147244 bytes]

]]></system-out>
  </testcase>
  <testcase name="runScenario[&quot;Check whether the application can be accessed&quot;, &quot;Runnable&quot;](6)" classname="testRunner.TestRunner" time="10.497">
    <system-out><![CDATA[
@smoke @functional
Scenario: Check whether the application can be accessed # src/test/resources/features/Runnable.feature:4
https://emicalculator.net/
Searching for title
  Given the user navigates to the Application           # stepDefinitions.RunnableCheck.the_user_navigates_to_the_application()

    Embedding Check whether the application can be accessed [image/png 178017 bytes]

  Then the page title has to be displayed               # stepDefinitions.RunnableCheck.the_page_title_has_to_be_displayed()

    Embedding Check whether the application can be accessed [image/png 178017 bytes]

]]></system-out>
  </testcase>
</testsuite>