<?xml version="1.0" encoding="UTF-8"?>
<testng-results ignored="0" total="6" passed="6" failed="0" skipped="0">
  <reporter-output>
  </reporter-output>
  <suite started-at="2024-04-24T12:32:51 IST" name="Default suite" finished-at="2024-04-24T12:34:27 IST" duration-ms="95552">
    <groups>
      <group name="cucumber">
        <method signature="AbstractTestNGCucumberTests.runScenario(io.cucumber.testng.PickleWrapper,io.cucumber.testng.FeatureWrapper)[pri:0, instance:testRunner.TestRunner@7eecb5b8]" name="runScenario" class="io.cucumber.testng.AbstractTestNGCucumberTests"/>
      </group> <!-- cucumber -->
    </groups>
    <test started-at="2024-04-24T12:32:51 IST" name="Default test" finished-at="2024-04-24T12:34:27 IST" duration-ms="95552">
      <class name="testRunner.TestRunner">
        <test-method is-config="true" signature="setUpClass(org.testng.ITestContext)[pri:0, instance:testRunner.TestRunner@7eecb5b8]" started-at="2024-04-24T12:32:51 IST" name="setUpClass" finished-at="2024-04-24T12:32:53 IST" duration-ms="1085" status="PASS">
          <params>
            <param index="0">
              <value>
                <![CDATA[org.testng.TestRunner@4891d727]]>
              </value>
            </param>
          </params>
          <reporter-output>
          </reporter-output>
        </test-method> <!-- setUpClass -->
        <test-method signature="runScenario(io.cucumber.testng.PickleWrapper,io.cucumber.testng.FeatureWrapper)[pri:0, instance:testRunner.TestRunner@7eecb5b8]" started-at="2024-04-24T12:32:53 IST" name="runScenario" description="Runs Cucumber Scenarios" data-provider="scenarios" finished-at="2024-04-24T12:33:04 IST" duration-ms="11580" status="PASS">
          <params>
            <param index="0">
              <value>
                <![CDATA["Calculation of car loan"]]>
              </value>
            </param>
            <param index="1">
              <value>
                <![CDATA["Car Loan Calculation"]]>
              </value>
            </param>
          </params>
          <reporter-output>
          </reporter-output>
        </test-method> <!-- runScenario -->
        <test-method signature="runScenario(io.cucumber.testng.PickleWrapper,io.cucumber.testng.FeatureWrapper)[pri:0, instance:testRunner.TestRunner@7eecb5b8]" started-at="2024-04-24T12:33:04 IST" name="runScenario" description="Runs Cucumber Scenarios" data-provider="scenarios" finished-at="2024-04-24T12:33:16 IST" duration-ms="12089" status="PASS">
          <params>
            <param index="0">
              <value>
                <![CDATA["Validate the UI features of EMI Calculator"]]>
              </value>
            </param>
            <param index="1">
              <value>
                <![CDATA["EMI Calculator UI check"]]>
              </value>
            </param>
          </params>
          <reporter-output>
          </reporter-output>
        </test-method> <!-- runScenario -->
        <test-method signature="runScenario(io.cucumber.testng.PickleWrapper,io.cucumber.testng.FeatureWrapper)[pri:0, instance:testRunner.TestRunner@7eecb5b8]" started-at="2024-04-24T12:33:16 IST" name="runScenario" description="Runs Cucumber Scenarios" data-provider="scenarios" finished-at="2024-04-24T12:33:32 IST" duration-ms="15838" status="PASS">
          <params>
            <param index="0">
              <value>
                <![CDATA["Calculation of Home Loan EMI"]]>
              </value>
            </param>
            <param index="1">
              <value>
                <![CDATA["Home Loan EMI Calculation"]]>
              </value>
            </param>
          </params>
          <reporter-output>
          </reporter-output>
        </test-method> <!-- runScenario -->
        <test-method signature="runScenario(io.cucumber.testng.PickleWrapper,io.cucumber.testng.FeatureWrapper)[pri:0, instance:testRunner.TestRunner@7eecb5b8]" started-at="2024-04-24T12:33:32 IST" name="runScenario" description="Runs Cucumber Scenarios" data-provider="scenarios" finished-at="2024-04-24T12:33:45 IST" duration-ms="12950" status="PASS">
          <params>
            <param index="0">
              <value>
                <![CDATA["Validate the UI features of Loan Amount Calculator"]]>
              </value>
            </param>
            <param index="1">
              <value>
                <![CDATA["Loan Amount Calculator UI check"]]>
              </value>
            </param>
          </params>
          <reporter-output>
          </reporter-output>
        </test-method> <!-- runScenario -->
        <test-method signature="runScenario(io.cucumber.testng.PickleWrapper,io.cucumber.testng.FeatureWrapper)[pri:0, instance:testRunner.TestRunner@7eecb5b8]" started-at="2024-04-24T12:33:45 IST" name="runScenario" description="Runs Cucumber Scenarios" data-provider="scenarios" finished-at="2024-04-24T12:33:57 IST" duration-ms="11976" status="PASS">
          <params>
            <param index="0">
              <value>
                <![CDATA["Validate the UI features of Loan Tenure Calculator"]]>
              </value>
            </param>
            <param index="1">
              <value>
                <![CDATA["Loan Tenure Calculator UI check"]]>
              </value>
            </param>
          </params>
          <reporter-output>
          </reporter-output>
        </test-method> <!-- runScenario -->
        <test-method signature="runScenario(io.cucumber.testng.PickleWrapper,io.cucumber.testng.FeatureWrapper)[pri:0, instance:testRunner.TestRunner@7eecb5b8]" started-at="2024-04-24T12:33:57 IST" name="runScenario" description="Runs Cucumber Scenarios" data-provider="scenarios" finished-at="2024-04-24T12:34:05 IST" duration-ms="8085" status="PASS">
          <params>
            <param index="0">
              <value>
                <![CDATA["Check whether the application can be accessed"]]>
              </value>
            </param>
            <param index="1">
              <value>
                <![CDATA["Runnable"]]>
              </value>
            </param>
          </params>
          <reporter-output>
          </reporter-output>
        </test-method> <!-- runScenario -->
        <test-method is-config="true" signature="tearDownClass()[pri:0, instance:testRunner.TestRunner@7eecb5b8]" started-at="2024-04-24T12:34:05 IST" name="tearDownClass" finished-at="2024-04-24T12:34:27 IST" duration-ms="21886" status="PASS">
          <reporter-output>
          </reporter-output>
        </test-method> <!-- tearDownClass -->
      </class> <!-- testRunner.TestRunner -->
    </test> <!-- Default test -->
  </suite> <!-- Default suite -->
</testng-results>
